-------------------------------------------
Batch: 0
-------------------------------------------
+--------------------+-----+
|            customer|score|
+--------------------+-----+
| Sean.Olson@test.com|-13.0|
|Dan.Jackson@test.com| 20.5|
|Angie.Anderson@te...| 26.0|
|Travis.Mitra@test...| 19.0|
| Ben.Harris@test.com|-21.5|
| Sean.Jones@test.com| -2.5|
|Neeraj.Gonzalez@t...| -4.0|
|  Lyn.Abram@test.com|  0.0|
|Chris.Olson@test.com| -5.0|
|Chris.Jones@test.com| -2.0|
|Edward.Habschied@...| -2.5|
|Bobby.Clayton@tes...| -4.0|
|Jacob.Staples@tes...| -1.0|
|Eric.Harris@test.com| -2.0|
| Jane.Mitra@test.com| -3.0|
|Ashley.Harris@tes...| -3.0|
|Jane.Jefferson@te...| 11.0|
|Frank.Lincoln@tes...| 14.0|
|Trevor.Phillips@t...| 15.0|
|Gail.Clayton@test...|-19.0|
+--------------------+-----+
only showing top 20 rows

-------------------------------------------
Batch: 1
-------------------------------------------
+--------------------+-----+
|            customer|score|
+--------------------+-----+
|Jason.Mitra@test.com|-22.0|
|Ashley.Khatib@tes...|  6.0|
|Sarah.Phillips@te...| -8.5|
|Larry.Spencer@tes...|-23.0|
|Ben.Jefferson@tes...| 18.5|
+--------------------+-----+

-------------------------------------------
Batch: 2
-------------------------------------------
+--------------------+-----+
|            customer|score|
+--------------------+-----+
|Lyn.Spencer@test.com| -3.5|
+--------------------+-----+

-------------------------------------------
Batch: 3
-------------------------------------------
+--------------------+-----+
|            customer|score|
+--------------------+-----+
|Bobby.Davis@test.com| -8.0|
+--------------------+-----+

-------------------------------------------
Batch: 4
-------------------------------------------
+--------------------+-----+
|            customer|score|
+--------------------+-----+
|Frank.Spencer@tes...| 37.5|
+--------------------+-----+

-------------------------------------------
Batch: 5
-------------------------------------------
+--------------------+-----+
|            customer|score|
+--------------------+-----+
|David.Lincoln@tes...| -2.5|
+--------------------+-----+

-------------------------------------------
Batch: 6
-------------------------------------------
+--------------------+-----+
|            customer|score|
+--------------------+-----+
|Senthil.Sanchez@t...| -5.5|
+--------------------+-----+

-------------------------------------------
Batch: 7
-------------------------------------------
+--------------------+-----+
|            customer|score|
+--------------------+-----+
|Angie.Phillips@te...| -3.5|
+--------------------+-----+

-------------------------------------------
Batch: 8
-------------------------------------------
+--------------------+-----+
|            customer|score|
+--------------------+-----+
|Jason.Olson@test.com| -3.5|
+--------------------+-----+

